# JRE version: OpenJDK Runtime Environment (8.0_242-b01) (build 1.8.0_242-release-1644-b01)
# Java VM: OpenJDK 64-Bit Server VM (25.242-b01 mixed mode windows-amd64 compressed oops)
Heap:
 PSYoungGen      total 98304K, used 64249K [0x00000000eab00000, 0x00000000f1500000, 0x0000000100000000)
  eden space 89088K, 72% used [0x00000000eab00000,0x00000000ee9be598,0x00000000f0200000)
  from space 9216K, 0% used [0x00000000f0c00000,0x00000000f0c00000,0x00000000f1500000)
  to   space 9728K, 0% used [0x00000000f0200000,0x00000000f0200000,0x00000000f0b80000)
 ParOldGen       total 82944K, used 15076K [0x00000000c0000000, 0x00000000c5100000, 0x00000000eab00000)
  object space 82944K, 18% used [0x00000000c0000000,0x00000000c0eb92e0,0x00000000c5100000)
 Metaspace       used 41081K, capacity 41968K, committed 42240K, reserved 1085440K
  class space    used 5339K, capacity 5556K, committed 5632K, reserved 1048576K
GC Heap History (10 events):
Event: 6.858 GC heap before
{Heap before GC invocations=8 (full 1):
 PSYoungGen      total 62976K, used 56276K [0x00000000eab00000, 0x00000000ef380000, 0x0000000100000000)
  eden space 52224K, 100% used [0x00000000eab00000,0x00000000ede00000,0x00000000ede00000)
  from space 10752K, 37% used [0x00000000ee880000,0x00000000eec752f0,0x00000000ef300000)
  to   space 10752K, 0% used [0x00000000ede00000,0x00000000ede00000,0x00000000ee880000)
 ParOldGen       total 60416K, used 8495K [0x00000000c0000000, 0x00000000c3b00000, 0x00000000eab00000)
  object space 60416K, 14% used [0x00000000c0000000,0x00000000c084bf58,0x00000000c3b00000)
 Metaspace       used 25248K, capacity 25696K, committed 25984K, reserved 1071104K
  class space    used 3292K, capacity 3427K, committed 3456K, reserved 1048576K
Event: 6.864 GC heap after
Heap after GC invocations=8 (full 1):
 PSYoungGen      total 62976K, used 4224K [0x00000000eab00000, 0x00000000f1600000, 0x0000000100000000)
  eden space 52224K, 0% used [0x00000000eab00000,0x00000000eab00000,0x00000000ede00000)
  from space 10752K, 39% used [0x00000000ede00000,0x00000000ee220040,0x00000000ee880000)
  to   space 10240K, 0% used [0x00000000f0c00000,0x00000000f0c00000,0x00000000f1600000)
 ParOldGen       total 60416K, used 8503K [0x00000000c0000000, 0x00000000c3b00000, 0x00000000eab00000)
  object space 60416K, 14% used [0x00000000c0000000,0x00000000c084df58,0x00000000c3b00000)
 Metaspace       used 25248K, capacity 25696K, committed 25984K, reserved 1071104K
  class space    used 3292K, capacity 3427K, committed 3456K, reserved 1048576K
}
Event: 8.236 GC heap before
{Heap before GC invocations=9 (full 1):
 PSYoungGen      total 62976K, used 56448K [0x00000000eab00000, 0x00000000f1600000, 0x0000000100000000)
  eden space 52224K, 100% used [0x00000000eab00000,0x00000000ede00000,0x00000000ede00000)
  from space 10752K, 39% used [0x00000000ede00000,0x00000000ee220040,0x00000000ee880000)
  to   space 10240K, 0% used [0x00000000f0c00000,0x00000000f0c00000,0x00000000f1600000)
 ParOldGen       total 60416K, used 8503K [0x00000000c0000000, 0x00000000c3b00000, 0x00000000eab00000)
  object space 60416K, 14% used [0x00000000c0000000,0x00000000c084df58,0x00000000c3b00000)
 Metaspace       used 27778K, capacity 28390K, committed 28672K, reserved 1075200K
  class space    used 3546K, capacity 3723K, committed 3840K, reserved 1048576K
Event: 8.260 GC heap after
Heap after GC invocations=9 (full 1):
 PSYoungGen      total 98304K, used 5603K [0x00000000eab00000, 0x00000000f1500000, 0x0000000100000000)
  eden space 89088K, 0% used [0x00000000eab00000,0x00000000eab00000,0x00000000f0200000)
  from space 9216K, 60% used [0x00000000f0c00000,0x00000000f1178cf0,0x00000000f1500000)
  to   space 9728K, 0% used [0x00000000f0200000,0x00000000f0200000,0x00000000f0b80000)
 ParOldGen       total 60416K, used 8503K [0x00000000c0000000, 0x00000000c3b00000, 0x00000000eab00000)
  object space 60416K, 14% used [0x00000000c0000000,0x00000000c084df58,0x00000000c3b00000)
 Metaspace       used 27778K, capacity 28390K, committed 28672K, reserved 1075200K
  class space    used 3546K, capacity 3723K, committed 3840K, reserved 1048576K
}
Event: 10.763 GC heap before
{Heap before GC invocations=10 (full 1):
 PSYoungGen      total 98304K, used 94691K [0x00000000eab00000, 0x00000000f1500000, 0x0000000100000000)
  eden space 89088K, 100% used [0x00000000eab00000,0x00000000f0200000,0x00000000f0200000)
  from space 9216K, 60% used [0x00000000f0c00000,0x00000000f1178cf0,0x00000000f1500000)
  to   space 9728K, 0% used [0x00000000f0200000,0x00000000f0200000,0x00000000f0b80000)
 ParOldGen       total 60416K, used 8503K [0x00000000c0000000, 0x00000000c3b00000, 0x00000000eab00000)
  object space 60416K, 14% used [0x00000000c0000000,0x00000000c084df58,0x00000000c3b00000)
 Metaspace       used 34291K, capacity 35098K, committed 35456K, reserved 1079296K
  class space    used 4412K, capacity 4635K, committed 4736K, reserved 1048576K
Event: 10.801 GC heap after
Heap after GC invocations=10 (full 1):
 PSYoungGen      total 98816K, used 9700K [0x00000000eab00000, 0x00000000f1500000, 0x0000000100000000)
  eden space 89088K, 0% used [0x00000000eab00000,0x00000000eab00000,0x00000000f0200000)
  from space 9728K, 99% used [0x00000000f0200000,0x00000000f0b793b8,0x00000000f0b80000)
  to   space 9216K, 0% used [0x00000000f0c00000,0x00000000f0c00000,0x00000000f1500000)
 ParOldGen       total 60416K, used 12076K [0x00000000c0000000, 0x00000000c3b00000, 0x00000000eab00000)
  object space 60416K, 19% used [0x00000000c0000000,0x00000000c0bcb240,0x00000000c3b00000)
 Metaspace       used 34291K, capacity 35098K, committed 35456K, reserved 1079296K
  class space    used 4412K, capacity 4635K, committed 4736K, reserved 1048576K
}
Event: 10.975 GC heap before
{Heap before GC invocations=11 (full 1):
 PSYoungGen      total 98816K, used 32283K [0x00000000eab00000, 0x00000000f1500000, 0x0000000100000000)
  eden space 89088K, 25% used [0x00000000eab00000,0x00000000ec10db18,0x00000000f0200000)
  from space 9728K, 99% used [0x00000000f0200000,0x00000000f0b793b8,0x00000000f0b80000)
  to   space 9216K, 0% used [0x00000000f0c00000,0x00000000f0c00000,0x00000000f1500000)
 ParOldGen       total 60416K, used 12076K [0x00000000c0000000, 0x00000000c3b00000, 0x00000000eab00000)
  object space 60416K, 19% used [0x00000000c0000000,0x00000000c0bcb240,0x00000000c3b00000)
 Metaspace       used 34612K, capacity 35328K, committed 35456K, reserved 1079296K
  class space    used 4460K, capacity 4668K, committed 4736K, reserved 1048576K
Event: 10.986 GC heap after
Heap after GC invocations=11 (full 1):
 PSYoungGen      total 98304K, used 4928K [0x00000000eab00000, 0x00000000f1500000, 0x0000000100000000)
  eden space 89088K, 0% used [0x00000000eab00000,0x00000000eab00000,0x00000000f0200000)
  from space 9216K, 53% used [0x00000000f0c00000,0x00000000f10d0000,0x00000000f1500000)
  to   space 9728K, 0% used [0x00000000f0200000,0x00000000f0200000,0x00000000f0b80000)
 ParOldGen       total 60416K, used 14268K [0x00000000c0000000, 0x00000000c3b00000, 0x00000000eab00000)
  object space 60416K, 23% used [0x00000000c0000000,0x00000000c0def170,0x00000000c3b00000)
 Metaspace       used 34612K, capacity 35328K, committed 35456K, reserved 1079296K
  class space    used 4460K, capacity 4668K, committed 4736K, reserved 1048576K
}
Event: 10.986 GC heap before
{Heap before GC invocations=12 (full 2):
 PSYoungGen      total 98304K, used 4928K [0x00000000eab00000, 0x00000000f1500000, 0x0000000100000000)
  eden space 89088K, 0% used [0x00000000eab00000,0x00000000eab00000,0x00000000f0200000)
  from space 9216K, 53% used [0x00000000f0c00000,0x00000000f10d0000,0x00000000f1500000)
  to   space 9728K, 0% used [0x00000000f0200000,0x00000000f0200000,0x00000000f0b80000)
 ParOldGen       total 60416K, used 14268K [0x00000000c0000000, 0x00000000c3b00000, 0x00000000eab00000)
  object space 60416K, 23% used [0x00000000c0000000,0x00000000c0def170,0x00000000c3b00000)
 Metaspace       used 34612K, capacity 35328K, committed 35456K, reserved 1079296K
  class space    used 4460K, capacity 4668K, committed 4736K, reserved 1048576K
Event: 11.096 GC heap after
Heap after GC invocations=12 (full 2):
 PSYoungGen      total 98304K, used 0K [0x00000000eab00000, 0x00000000f1500000, 0x0000000100000000)
  eden space 89088K, 0% used [0x00000000eab00000,0x00000000eab00000,0x00000000f0200000)
  from space 9216K, 0% used [0x00000000f0c00000,0x00000000f0c00000,0x00000000f1500000)
  to   space 9728K, 0% used [0x00000000f0200000,0x00000000f0200000,0x00000000f0b80000)
 ParOldGen       total 82944K, used 15076K [0x00000000c0000000, 0x00000000c5100000, 0x00000000eab00000)
  object space 82944K, 18% used [0x00000000c0000000,0x00000000c0eb92e0,0x00000000c5100000)
 Metaspace       used 34593K, capacity 35304K, committed 35456K, reserved 1079296K
  class space    used 4453K, capacity 4660K, committed 4736K, reserved 1048576K
}

