# JRE version: OpenJDK Runtime Environment (8.0_242-b01) (build 1.8.0_242-release-1644-b01)
# Java VM: OpenJDK 64-Bit Server VM (25.242-b01 mixed mode windows-amd64 compressed oops)
Heap:
 PSYoungGen      total 193024K, used 59638K [0x00000000eab00000, 0x00000000f7700000, 0x0000000100000000)
  eden space 179200K, 31% used [0x00000000eab00000,0x00000000ee172bf8,0x00000000f5a00000)
  from space 13824K, 28% used [0x00000000f5c00000,0x00000000f5fcaca8,0x00000000f6980000)
  to   space 11776K, 0% used [0x00000000f6b80000,0x00000000f6b80000,0x00000000f7700000)
 ParOldGen       total 87552K, used 25560K [0x00000000c0000000, 0x00000000c5580000, 0x00000000eab00000)
  object space 87552K, 29% used [0x00000000c0000000,0x00000000c18f62e8,0x00000000c5580000)
 Metaspace       used 43901K, capacity 44940K, committed 45056K, reserved 1089536K
  class space    used 5570K, capacity 5794K, committed 5888K, reserved 1048576K
GC Heap History (10 events):
Event: 13.902 GC heap before
{Heap before GC invocations=12 (full 1):
 PSYoungGen      total 139776K, used 32989K [0x00000000eab00000, 0x00000000f4080000, 0x0000000100000000)
  eden space 129536K, 17% used [0x00000000eab00000,0x00000000ec166968,0x00000000f2980000)
  from space 10240K, 98% used [0x00000000f3600000,0x00000000f3fd0b40,0x00000000f4000000)
  to   space 11776K, 0% used [0x00000000f2980000,0x00000000f2980000,0x00000000f3500000)
 ParOldGen       total 60928K, used 10949K [0x00000000c0000000, 0x00000000c3b80000, 0x00000000eab00000)
  object space 60928K, 17% used [0x00000000c0000000,0x00000000c0ab15d8,0x00000000c3b80000)
 Metaspace       used 34534K, capacity 35356K, committed 35456K, reserved 1079296K
  class space    used 4421K, capacity 4656K, committed 4736K, reserved 1048576K
Event: 13.916 GC heap after
Heap after GC invocations=12 (full 1):
 PSYoungGen      total 141312K, used 2642K [0x00000000eab00000, 0x00000000f7700000, 0x0000000100000000)
  eden space 129536K, 0% used [0x00000000eab00000,0x00000000eab00000,0x00000000f2980000)
  from space 11776K, 22% used [0x00000000f2980000,0x00000000f2c14878,0x00000000f3500000)
  to   space 11776K, 0% used [0x00000000f6b80000,0x00000000f6b80000,0x00000000f7700000)
 ParOldGen       total 60928K, used 16845K [0x00000000c0000000, 0x00000000c3b80000, 0x00000000eab00000)
  object space 60928K, 27% used [0x00000000c0000000,0x00000000c1073688,0x00000000c3b80000)
 Metaspace       used 34534K, capacity 35356K, committed 35456K, reserved 1079296K
  class space    used 4421K, capacity 4656K, committed 4736K, reserved 1048576K
}
Event: 13.916 GC heap before
{Heap before GC invocations=13 (full 2):
 PSYoungGen      total 141312K, used 2642K [0x00000000eab00000, 0x00000000f7700000, 0x0000000100000000)
  eden space 129536K, 0% used [0x00000000eab00000,0x00000000eab00000,0x00000000f2980000)
  from space 11776K, 22% used [0x00000000f2980000,0x00000000f2c14878,0x00000000f3500000)
  to   space 11776K, 0% used [0x00000000f6b80000,0x00000000f6b80000,0x00000000f7700000)
 ParOldGen       total 60928K, used 16845K [0x00000000c0000000, 0x00000000c3b80000, 0x00000000eab00000)
  object space 60928K, 27% used [0x00000000c0000000,0x00000000c1073688,0x00000000c3b80000)
 Metaspace       used 34534K, capacity 35356K, committed 35456K, reserved 1079296K
  class space    used 4421K, capacity 4656K, committed 4736K, reserved 1048576K
Event: 14.035 GC heap after
Heap after GC invocations=13 (full 2):
 PSYoungGen      total 141312K, used 0K [0x00000000eab00000, 0x00000000f7700000, 0x0000000100000000)
  eden space 129536K, 0% used [0x00000000eab00000,0x00000000eab00000,0x00000000f2980000)
  from space 11776K, 0% used [0x00000000f2980000,0x00000000f2980000,0x00000000f3500000)
  to   space 11776K, 0% used [0x00000000f6b80000,0x00000000f6b80000,0x00000000f7700000)
 ParOldGen       total 87552K, used 16588K [0x00000000c0000000, 0x00000000c5580000, 0x00000000eab00000)
  object space 87552K, 18% used [0x00000000c0000000,0x00000000c1033308,0x00000000c5580000)
 Metaspace       used 34446K, capacity 35208K, committed 35456K, reserved 1079296K
  class space    used 4396K, capacity 4628K, committed 4736K, reserved 1048576K
}
Event: 16.681 GC heap before
{Heap before GC invocations=14 (full 2):
 PSYoungGen      total 141312K, used 129082K [0x00000000eab00000, 0x00000000f7700000, 0x0000000100000000)
  eden space 129536K, 99% used [0x00000000eab00000,0x00000000f290eba0,0x00000000f2980000)
  from space 11776K, 0% used [0x00000000f2980000,0x00000000f2980000,0x00000000f3500000)
  to   space 11776K, 0% used [0x00000000f6b80000,0x00000000f6b80000,0x00000000f7700000)
 ParOldGen       total 87552K, used 16588K [0x00000000c0000000, 0x00000000c5580000, 0x00000000eab00000)
  object space 87552K, 18% used [0x00000000c0000000,0x00000000c1033308,0x00000000c5580000)
 Metaspace       used 43049K, capacity 43934K, committed 44160K, reserved 1087488K
  class space    used 5515K, capacity 5729K, committed 5760K, reserved 1048576K
Event: 16.703 GC heap after
Heap after GC invocations=14 (full 2):
 PSYoungGen      total 190976K, used 11763K [0x00000000eab00000, 0x00000000f7700000, 0x0000000100000000)
  eden space 179200K, 0% used [0x00000000eab00000,0x00000000eab00000,0x00000000f5a00000)
  from space 11776K, 99% used [0x00000000f6b80000,0x00000000f76fcec0,0x00000000f7700000)
  to   space 13824K, 0% used [0x00000000f5c00000,0x00000000f5c00000,0x00000000f6980000)
 ParOldGen       total 87552K, used 17625K [0x00000000c0000000, 0x00000000c5580000, 0x00000000eab00000)
  object space 87552K, 20% used [0x00000000c0000000,0x00000000c1136740,0x00000000c5580000)
 Metaspace       used 43049K, capacity 43934K, committed 44160K, reserved 1087488K
  class space    used 5515K, capacity 5729K, committed 5760K, reserved 1048576K
}
Event: 16.703 GC heap before
{Heap before GC invocations=15 (full 3):
 PSYoungGen      total 190976K, used 11763K [0x00000000eab00000, 0x00000000f7700000, 0x0000000100000000)
  eden space 179200K, 0% used [0x00000000eab00000,0x00000000eab00000,0x00000000f5a00000)
  from space 11776K, 99% used [0x00000000f6b80000,0x00000000f76fcec0,0x00000000f7700000)
  to   space 13824K, 0% used [0x00000000f5c00000,0x00000000f5c00000,0x00000000f6980000)
 ParOldGen       total 87552K, used 17625K [0x00000000c0000000, 0x00000000c5580000, 0x00000000eab00000)
  object space 87552K, 20% used [0x00000000c0000000,0x00000000c1136740,0x00000000c5580000)
 Metaspace       used 43049K, capacity 43934K, committed 44160K, reserved 1087488K
  class space    used 5515K, capacity 5729K, committed 5760K, reserved 1048576K
Event: 17.077 GC heap after
Heap after GC invocations=15 (full 3):
 PSYoungGen      total 190976K, used 0K [0x00000000eab00000, 0x00000000f7700000, 0x0000000100000000)
  eden space 179200K, 0% used [0x00000000eab00000,0x00000000eab00000,0x00000000f5a00000)
  from space 11776K, 0% used [0x00000000f6b80000,0x00000000f6b80000,0x00000000f7700000)
  to   space 13824K, 0% used [0x00000000f5c00000,0x00000000f5c00000,0x00000000f6980000)
 ParOldGen       total 87552K, used 25560K [0x00000000c0000000, 0x00000000c5580000, 0x00000000eab00000)
  object space 87552K, 29% used [0x00000000c0000000,0x00000000c18f62e8,0x00000000c5580000)
 Metaspace       used 43049K, capacity 43934K, committed 44160K, reserved 1087488K
  class space    used 5515K, capacity 5729K, committed 5760K, reserved 1048576K
}
Event: 103.371 GC heap before
{Heap before GC invocations=16 (full 3):
 PSYoungGen      total 190976K, used 179200K [0x00000000eab00000, 0x00000000f7700000, 0x0000000100000000)
  eden space 179200K, 100% used [0x00000000eab00000,0x00000000f5a00000,0x00000000f5a00000)
  from space 11776K, 0% used [0x00000000f6b80000,0x00000000f6b80000,0x00000000f7700000)
  to   space 13824K, 0% used [0x00000000f5c00000,0x00000000f5c00000,0x00000000f6980000)
 ParOldGen       total 87552K, used 25560K [0x00000000c0000000, 0x00000000c5580000, 0x00000000eab00000)
  object space 87552K, 29% used [0x00000000c0000000,0x00000000c18f62e8,0x00000000c5580000)
 Metaspace       used 43809K, capacity 44782K, committed 45056K, reserved 1089536K
  class space    used 5564K, capacity 5785K, committed 5888K, reserved 1048576K
Event: 103.376 GC heap after
Heap after GC invocations=16 (full 3):
 PSYoungGen      total 193024K, used 3883K [0x00000000eab00000, 0x00000000f7700000, 0x0000000100000000)
  eden space 179200K, 0% used [0x00000000eab00000,0x00000000eab00000,0x00000000f5a00000)
  from space 13824K, 28% used [0x00000000f5c00000,0x00000000f5fcaca8,0x00000000f6980000)
  to   space 11776K, 0% used [0x00000000f6b80000,0x00000000f6b80000,0x00000000f7700000)
 ParOldGen       total 87552K, used 25560K [0x00000000c0000000, 0x00000000c5580000, 0x00000000eab00000)
  object space 87552K, 29% used [0x00000000c0000000,0x00000000c18f62e8,0x00000000c5580000)
 Metaspace       used 43809K, capacity 44782K, committed 45056K, reserved 1089536K
  class space    used 5564K, capacity 5785K, committed 5888K, reserved 1048576K
}

